POST /api/topcv1s/new/getCvDetail 200 - - 498.951 ms
POST /api/topcv1s/new/getCvDetail 200 - - 583.534 ms
POST /api/topcv1s/new/getCvDetail 200 - - 486.186 ms
POST /api/topcv1s/new/getCvDetail 200 - - 2056.766 ms
POST /api/topcv1s/new/getCvDetail 200 - - 490.174 ms
POST /api/topcv1s/new/getCvDetail 200 - - 476.948 ms
304 - - 3.674 ms
GET /pictures/sample_cv/1748588717_CV_Thong_ke.jpg 304 - - 4.391 ms
GET /pictures/sample_cv/1748585511_CV_Thu_ngan.jpg 304 - - 3.091 ms
GET /pictures/sample_cv/1748586080_CV_Tro_giang_02.jpg 304 - - 2.858 ms
OPTIONS /api/topcv1s/cv/getNganhCv 204 0 - 0.653 ms
OPTIONS /api/topcv1s/cv/getLangCv 204 0 - 0.323 ms
GET /pictures/sample_cv/1748533077_CV_Logistic.jpg 304 - - 0.783 ms
GET /pictures/sample_cv/1748536052_CV_IT_phan_cung.jpg 304 - - 6.962 ms
GET /pictures/sample_cv/1748538459_CV_Ke_toan_02.jpg 304 - - 5.866 ms
GET /pictures/sample_cv/1748532766_CV_Cong_nghe_thuc_pham.jpg 304 - - 4.390 ms
GET /pictures/sample_cv/1748529512_CV_Hoa_hoc.jpg 304 - - 1.815 ms
GET /pictures/sample_cv/1748515775_CV_Bao_chi.jpg 304 - - 1.023 ms
GET /pictures/sample_cv/1748529145_CV_Kinh_doanh_03.jpg 304 - - 0.624 ms
GET /pictures/sample_cv/1748516153_CV_Kinh_doanh_02.jpg 304 - - 1.610 ms
POST /api/topcv1s/cv/getNganhCv 200 - - 243.167 ms
POST /api/topcv1s/cv/getLangCv 200 74 - 240.230 ms
POST /api/topcv1s/cv/in4CV 200 - - 258.829 ms
GET /api/topcv1s/cv/cv365/upload/cv/cv-ban-hang-02/index.html 200 - - 3.661 ms
GET /api/topcv1s/cv/cv365/upload/cv/cv-ban-hang-02/css/colors/ccede6.css 200 - - 3.278 ms
GET /api/topcv1s/cv/cv365/upload/cv/cv-ban-hang-02/css/cv.css 200 - - 2.531 ms
GET /api/topcv1s/cv/cv365/upload/cv/cv-ban-hang-02/css/underline.svg 200 560 - 1.859 ms
GET /api/topcv1s/cv/cv365/upload/cv/cv-ban-hang-02/css/icongmail.svg 200 985 - 4.898 ms
GET /api/topcv1s/cv/cv365/upload/cv/cv-ban-hang-02/css/icontelephone.svg 200 - - 7.292 ms
GET /api/topcv1s/cv/cv365/upload/cv/cv-ban-hang-02/css/iconbirthday.svg 200 - - 6.692 ms
GET /api/topcv1s/cv/cv365/upload/cv/cv-ban-hang-02/css/iconsex.svg 200 - - 5.427 ms
GET /api/topcv1s/cv/cv365/upload/cv/cv-ban-hang-02/css/iconaddress.svg 200 - - 3.823 ms
POST /api/topcv1s/cv/ListSampleCV 200 - - 1985.127 ms
GET /pictures/sample_cv/1748602016_ccede6.png 200 176499 - 1.824 ms
GET /pictures/sample_cv/1748600741_1572a1.jpg 304 - - 1.526 ms
GET /pictures/sample_cv/1748601652_38a88b.png 304 - - 1.406 ms
GET /pictures/sample_cv/1748591062_ab6f6f.png 200 173645 - 7.617 ms
GET /pictures/sample_cv/1748586080_557b9c.png 200 184322 - 1.926 ms
GET /pictures/sample_cv/1748588717_d66868.png 200 180963 - 1.927 ms
GET /pictures/sample_cv/1748538459_c2dedc.png 200 199795 - 2.871 ms
GET /pictures/sample_cv/1748585511_dceaeb.jpg 200 690854 - 3.215 ms
GET /pictures/sample_cv/1748536052_014a92.png 200 647938 - 3.120 ms
GET /pictures/sample_cv/1748533077_fbbb47.png 200 181629 - 1.726 ms
GET /pictures/sample_cv/1748532766_a7d16b.png 200 170424 - 1.402 ms
GET /pictures/sample_cv/1748529512_2634b1.png 200 156632 - 1.694 ms
GET /pictures/sample_cv/1748529145_dcbfff.png 200 204091 - 1.651 ms
GET /pictures/sample_cv/1748516153_28a6c8.png 200 178170 - 2.260 ms
GET /pictures/sample_cv/1748515775_d6d3eb.jpg 200 527358 - 2.927 ms
GET /pictures/sample_cv/1748509891_ebebeb.jpg 200 527842 - 2.723 ms
GET /pictures/sample_cv/1748508760_ffcc00.jpg 200 482450 - 2.565 ms
GET /pictures/sample_cv/1748447190_e49b52.jpg 200 388538 - 4.311 ms
GET /pictures/sample_cv/1748441608_9d4f4f.jpg 200 412548 - 3.970 ms
GET /pictures/sample_cv/1748439915_d0ba8f.jpg 200 395449 - 3.227 ms
GET /pictures/sample_cv/1748439389_d9f0ff.jpg 200 428770 - 1.436 ms
GET /pictures/sample_cv/1748438976_a93d34.jpg 200 436472 - 2.441 ms
GET /pictures/sample_cv/1748164300_c65327.jpg 200 422564 - 2.385 ms
GET /pictures/sample_cv/1748162940_fbf7cb.jpg 200 81152 - 2.316 ms
GET /pictures/sample_cv/1748162366_f68e1e.jpg 200 102733 - 1.032 ms
GET /pictures/sample_cv/1748159067_231f20.jpg 200 86809 - 1.665 ms
GET /pictures/sample_cv/1748162588_cde3ef.jpg 200 393441 - 1.933 ms
GET /pictures/sample_cv/1748156431_ea786f.jpg 200 431975 - 1.468 ms
GET /pictures/sample_cv/1748155483_d7c9bf.jpg 200 389619 - 2.506 ms
GET /pictures/sample_cv/1748154348_253b85.png 200 413841 - 2.909 ms
GET /pictures/sample_cv/1748152851_3b3987.jpg 200 82487 - 5.495 ms
GET /pictures/sample_cv/1748104481_48cec7.png 200 1008328 - 1.914 ms
GET /pictures/sample_cv/1748100851_8d8d8d.jpg 200 457138 - 3.111 ms
GET /pictures/sample_cv/1748102039_4b977f.png 200 1989820 - 1.900 ms
GET /pictures/sample_cv/1748100331_feefae.jpg 200 77099 - 1.237 ms
GET /pictures/sample_cv/1748100048_3c509a.png 200 558335 - 2.331 ms
GET /pictures/sample_cv/1748099762_a1edbd.png 200 229725 - 2.155 ms
GET /pictures/sample_cv/1747991555_7adcd7.png 200 798799 - 1.793 ms
GET /pictures/sample_cv/1747987510_afc8ad.jpg 200 308261 - 1.467 ms
GET /pictures/sample_cv/1747985998_ff9800.png 200 233716 - 2.256 ms
GET /pictures/sample_cv/1747985503_e6e7e8.jpg 200 80963 - 1.553 ms
GET /pictures/sample_cv/1747986421_566c40.png 200 872969 - 2.506 ms
GET /pictures/sample_cv/1747980232_ffce1c.jpg 200 494534 - 2.803 ms
GET /pictures/sample_cv/1747926134_b0cad8.jpg 200 75720 - 1.909 ms
GET /pictures/sample_cv/1747979735_ceded8.jpg 200 451761 - 2.317 ms
GET /pictures/sample_cv/1747925411_e2c6c2.jpg 200 437852 - 1.937 ms
GET /pictures/sample_cv/1746757273_e8f1e2.jpg 200 76169 - 1.419 ms
GET /api/topcv1s/cv/cv365/upload/cv/cv-ban-hang-02/css/colors/ffbfd9.css 200 - - 5.633 ms
GET /api/topcv1s/cv/cv365/upload/cv/cv-ban-hang-02/css/colors/underline2.svg 200 752 - 4.133 ms
GET /api/topcv1s/cv/cv365/upload/cv/cv-ban-hang-02/css/colors/icontelephone2.svg 200 - - 3.549 ms
GET /api/topcv1s/cv/cv365/upload/cv/cv-ban-hang-02/css/colors/iconsex2.svg 200 - - 3.561 ms
GET /api/topcv1s/cv/cv365/upload/cv/cv-ban-hang-02/css/colors/iconbirthday2.svg 200 - - 4.879 ms
GET /api/topcv1s/cv/cv365/upload/cv/cv-ban-hang-02/css/colors/icongmail2.svg 200 - - 3.510 ms
GET /api/topcv1s/cv/cv365/upload/cv/cv-ban-hang-02/css/colors/iconaddress2.svg 200 - - 4.454 ms
GET /api/topcv1s/cv/cv365/upload/cv/cv-ban-hang-02/css/colors/9dd1c5.css 200 - - 1.551 ms
GET /api/topcv1s/cv/cv365/upload/cv/cv-ban-hang-02/css/colors/underline3.svg 200 560 - 6.046 ms
GET /api/topcv1s/cv/cv365/upload/cv/cv-ban-hang-02/css/colors/icongmail3.svg 200 985 - 3.968 ms
GET /api/topcv1s/cv/cv365/upload/cv/cv-ban-hang-02/css/colors/iconsex3.svg 200 - - 5.270 ms
GET /api/topcv1s/cv/cv365/upload/cv/cv-ban-hang-02/css/colors/iconbirthday3.svg 200 - - 5.236 ms
GET /api/topcv1s/cv/cv365/upload/cv/cv-ban-hang-02/css/colors/iconaddress3.svg 200 - - 5.018 ms
GET /api/topcv1s/cv/cv365/upload/cv/cv-ban-hang-02/css/colors/icontelephone3.svg 200 - - 7.309 ms
GET /pictures/sample_cv/1748509891_CV_SEO.jpg 304 - - 35.393 ms
GET /pictures/sample_cv/1748508760_CV_Bien_phien_dich.jpg 304 - - 3.327 ms
GET /pictures/sample_cv/1748447190_CV_Kinh_doanh.jpg 304 - - 6.048 ms
GET /pictures/sample_cv/1748439915_CV_Ke_toan.jpg 304 - - 7.002 ms
GET /pictures/sample_cv/1748441608_CV_Tu_van_bao_hiem.jpg 304 - - 6.911 ms
GET /pictures/sample_cv/1748439389_CV_Ban_hang_02.jpg 304 - - 4.378 ms
GET /pictures/sample_cv/1748164300_CV_Bat_dong_san.jpg 304 - - 2.037 ms
GET /pictures/sample_cv/1748162940_CV_Thoi_trang.jpg 304 - - 1.871 ms
GET /pictures/sample_cv/1748438976_CV_Hanh_chinh_nhan_su.jpg 304 - - 1.794 ms
GET /pictures/sample_cv/1748162588_CV_IT_phan_mem.jpg 304 - - 3.998 ms
GET /pictures/sample_cv/1748162366_CV_Tro_giang.jpg 304 - - 4.418 ms
GET /pictures/sample_cv/1748159067_CV_Telesales.jpg 304 - - 4.238 ms
GET /pictures/sample_cv/1748156431_CV_Kien_truc_su.jpg 304 - - 3.062 ms
GET /pictures/sample_cv/1748154348_CV_Marketing_02.jpg 304 - - 2.180 ms
GET /pictures/sample_cv/1748155483_CV_Du_lich.jpg 304 - - 2.278 ms
GET /pictures/sample_cv/1748152851_CV_Marketing.jpg 304 - - 2.164 ms
GET /pictures/sample_cv/1748102039_CV_Phuc_vu_an_uong.png 304 - - 2.620 ms
GET /pictures/sample_cv/1748100851_CV_Truyen_thong.jpg 304 - - 2.841 ms
GET /pictures/sample_cv/1748104481_CV_Quan_ly_suc_khoe.jpg 304 - - 10.248 ms
GET /pictures/sample_cv/1748100331_CV_Trai_nganh.jpg 304 - - 1.450 ms
GET /pictures/sample_cv/1748100048_CV_Bao_hiem_02.png 304 - - 1.327 ms
GET /pictures/sample_cv/1747926134_CV_Nha_hang.jpg 304 - - 6.117 ms
GET /pictures/sample_cv/1746757273_CV_Phap_che.jpg 304 - - 7.236 ms
GET /pictures/sample_cv/1747925411_CV_Forwarder.jpg 304 - - 1.034 ms
POST /api/topcv1s/cv/in4CV 200 - - 281.665 ms
GET /api/topcv1s/cv/cv365/upload/cv/cv-ke-toan-02/index.html 200 - - 5.849 ms
GET /api/topcv1s/cv/cv365/upload/cv/cv-ke-toan-02/css/cv.css 200 - - 6.225 ms
GET /api/topcv1s/cv/cv365/upload/cv/cv-ke-toan-02/css/colors/c2dedc.css 200 - - 2.110 ms
GET /api/topcv1s/cv/cv365/upload/cv/cv-ke-toan-02/css/main1.png 200 449 - 1.930 ms
GET /api/topcv1s/cv/cv365/upload/cv/cv-ke-toan-02/css/cvtop1.png 200 1581 - 1.651 ms
GET /api/topcv1s/cv/cv365/upload/cv/cv-ke-toan-02/css/iconsex.svg 200 716 - 3.524 ms
GET /api/topcv1s/cv/cv365/upload/cv/cv-ke-toan-02/css/iconbirthday.svg 200 - - 3.361 ms
GET /api/topcv1s/cv/cv365/upload/cv/cv-ke-toan-02/css/icontelephone.svg 200 - - 4.999 ms
GET /api/topcv1s/cv/cv365/upload/cv/cv-ke-toan-02/css/icongmail.svg 200 - - 4.787 ms
GET /api/topcv1s/cv/cv365/upload/cv/cv-ke-toan-02/css/iconaddress.svg 200 - - 6.513 ms
POST /api/topcv1s/cv/ListSampleCV 200 - - 2250.014 ms
GET /api/topcv1s/cv/cv365/upload/cv/cv-ke-toan-02/css/colors/c2cdde.css 200 - - 1.652 ms
GET /api/topcv1s/cv/cv365/upload/cv/cv-ke-toan-02/css/colors/main2.png 200 446 - 3.276 ms
GET /api/topcv1s/cv/cv365/upload/cv/cv-ke-toan-02/css/colors/iconsex.svg 200 716 - 3.373 ms
GET /api/topcv1s/cv/cv365/upload/cv/cv-ke-toan-02/css/colors/cvtop2.png 200 1598 - 4.379 ms
GET /api/topcv1s/cv/cv365/upload/cv/cv-ke-toan-02/css/colors/iconbirthday.svg 200 - - 4.313 ms
GET /api/topcv1s/cv/cv365/upload/cv/cv-ke-toan-02/css/colors/icontelephone.svg 200 - - 4.229 ms
GET /api/topcv1s/cv/cv365/upload/cv/cv-ke-toan-02/css/colors/iconaddress.svg 200 - - 4.201 ms
GET /api/topcv1s/cv/cv365/upload/cv/cv-ke-toan-02/css/colors/icongmail.svg 200 - - 3.712 ms
GET /api/topcv1s/cv/cv365/upload/cv/cv-ke-toan-02/css/colors/ded1c2.css 200 - - 6.131 ms
GET /api/topcv1s/cv/cv365/upload/cv/cv-ke-toan-02/css/colors/cvtop3.png 200 1584 - 3.028 ms
GET /api/topcv1s/cv/cv365/upload/cv/cv-ke-toan-02/css/colors/main3.png 200 443 - 1.493 ms
POST /api/topcv1s/cv/in4CV 200 - - 253.554 ms
GET /api/topcv1s/cv/cv365/upload/cv/cv-ke-toan/index.html 200 - - 2.369 ms
GET /api/topcv1s/cv/cv365/upload/cv/cv-ke-toan/css/colors/d0ba8f.css 200 - - 1.675 ms
GET /api/topcv1s/cv/cv365/upload/cv/cv-ke-toan/css/cv.css 200 - - 3.028 ms
GET /api/topcv1s/cv/cv365/upload/cv/cv-ke-toan/css/top1.png 200 4525 - 2.048 ms
GET /api/topcv1s/cv/cv365/upload/cv/cv-ke-toan/css/iconsex.svg 200 - - 2.067 ms
GET /api/topcv1s/cv/cv365/upload/cv/cv-ke-toan/css/iconbirthday.svg 200 - - 7.154 ms
GET /api/topcv1s/cv/cv365/upload/cv/cv-ke-toan/css/icontelephone.svg 200 - - 6.805 ms
GET /api/topcv1s/cv/cv365/upload/cv/cv-ke-toan/css/icongmail.svg 200 - - 6.763 ms
GET /api/topcv1s/cv/cv365/upload/cv/cv-ke-toan/css/iconaddress.svg 200 - - 3.111 ms
POST /api/topcv1s/cv/ListSampleCV 200 - - 2002.593 ms
GET /api/topcv1s/cv/cv365/upload/cv/cv-ke-toan/css/colors/d08f8f.css 200 723 - 11.242 ms
GET /api/topcv1s/cv/cv365/upload/cv/cv-ke-toan/css/colors/top2.png 200 4517 - 1.393 ms
GET /api/topcv1s/cv/cv365/upload/cv/cv-ke-toan/css/colors/8fd0b2.css 200 723 - 11.175 ms
GET /api/topcv1s/cv/cv365/upload/cv/cv-ke-toan/css/colors/top3.png 200 4517 - 1.492 ms
GET /api/topcv1s/cv/cv365/upload/cv/cv-ke-toan-02/css/cv.css 304 - - 2.318 ms
GET /api/topcv1s/cv/cv365/upload/cv/cv-ke-toan-02/css/colors/ded1c2.css 304 - - 2.157 ms
GET /api/topcv1s/cv/cv365/upload/cv/cv-ke-toan-02/css/colors/c2cdde.css 304 - - 0.692 ms
GET /api/topcv1s/cv/cv365/upload/cv/cv-ke-toan-02/css/colors/c2dedc.css 304 - - 0.783 ms
GET /api/topcv1s/cv/cv365/upload/cv/cv-ke-toan-02/css/colors/ded1c2.css 304 - - 0.760 ms
GET /api/topcv1s/cv/cv365/upload/cv/cv-ke-toan-02/css/colors/c2dedc.css 304 - - 0.605 ms
GET /api/topcv1s/cv/cv365/upload/cv/cv-ke-toan-02/css/colors/c2cdde.css 304 - - 1.007 ms
GET /api/topcv1s/cv/cv365/upload/cv/cv-ke-toan-02/css/colors/ded1c2.css 304 - - 0.743 ms
POST /api/topcv1s/cv/in4CV 200 - - 253.848 ms
GET /api/topcv1s/cv/cv365/upload/cv/cv-ke-toan-02/index.html 304 - - 0.975 ms
GET /api/topcv1s/cv/cv365/upload/cv/cv-ke-toan-02/css/cv.css 304 - - 1.307 ms
GET /api/topcv1s/cv/cv365/upload/cv/cv-ke-toan-02/css/colors/c2dedc.css 304 - - 0.988 ms
POST /api/topcv1s/cv/ListSampleCV 200 - - 3457.393 ms
GET /api/topcv1s/cv/cv365/upload/cv/cv-ke-toan-02/css/colors/c2cdde.css 200 - - 1.333 ms
GET /api/topcv1s/cv/cv365/upload/cv/cv-ke-toan-02/css/colors/cvtop2.png 304 - - 1.401 ms
GET /api/topcv1s/cv/cv365/upload/cv/cv-ke-toan-02/css/colors/main2.png 304 - - 2.432 ms
GET /api/topcv1s/cv/cv365/upload/cv/cv-ke-toan-02/css/colors/iconbirthday.svg 304 - - 1.842 ms
GET /api/topcv1s/cv/cv365/upload/cv/cv-ke-toan-02/css/colors/icontelephone.svg 304 - - 1.841 ms
GET /api/topcv1s/cv/cv365/upload/cv/cv-ke-toan-02/css/colors/iconsex.svg 304 - - 4.637 ms
GET /api/topcv1s/cv/cv365/upload/cv/cv-ke-toan-02/css/colors/icongmail.svg 304 - - 1.751 ms
GET /api/topcv1s/cv/cv365/upload/cv/cv-ke-toan-02/css/colors/iconaddress.svg 304 - - 1.395 ms
GET /api/topcv1s/cv/cv365/upload/cv/cv-ke-toan-02/css/colors/ded1c2.css 200 - - 2.070 ms
GET /api/topcv1s/cv/cv365/upload/cv/cv-ke-toan-02/css/colors/main3.png 304 - - 1.714 ms
GET /api/topcv1s/cv/cv365/upload/cv/cv-ke-toan-02/css/colors/cvtop3.png 304 - - 0.801 ms
GET /api/topcv1s/cv/cv365/upload/cv/cv-ke-toan-02/css/colors/c2cdde.css 304 - - 0.642 ms
GET /api/topcv1s/cv/cv365/upload/cv/cv-ke-toan-02/css/colors/ded1c2.css 304 - - 0.605 ms
POST /api/topcv1s/cv/in4CV 200 - - 251.423 ms
GET /api/topcv1s/cv/cv365/upload/cv/cv-ke-toan-02/index.html 304 - - 0.622 ms
GET /api/topcv1s/cv/cv365/upload/cv/cv-ke-toan-02/css/cv.css 304 - - 1.384 ms
GET /api/topcv1s/cv/cv365/upload/cv/cv-ke-toan-02/css/colors/c2dedc.css 304 - - 0.975 ms
POST /api/topcv1s/cv/ListSampleCV 200 - - 2188.872 ms
GET /api/topcv1s/cv/cv365/upload/cv/cv-ke-toan-02/css/colors/c2cdde.css 304 - - 1.267 ms
GET /api/topcv1s/cv/cv365/upload/cv/cv-ke-toan-02/css/colors/ded1c2.css 200 - - 1.728 ms
GET /api/topcv1s/cv/cv365/upload/cv/cv-ke-toan-02/css/colors/main3.png 304 - - 3.079 ms
GET /api/topcv1s/cv/cv365/upload/cv/cv-ke-toan-02/css/colors/cvtop3.png 304 - - 2.225 ms
GET /api/topcv1s/cv/cv365/upload/cv/cv-ke-toan-02/css/colors/iconsex.svg 304 - - 2.226 ms
GET /api/topcv1s/cv/cv365/upload/cv/cv-ke-toan-02/css/colors/iconbirthday.svg 304 - - 2.099 ms
GET /api/topcv1s/cv/cv365/upload/cv/cv-ke-toan-02/css/colors/icontelephone.svg 304 - - 1.957 ms
GET /api/topcv1s/cv/cv365/upload/cv/cv-ke-toan-02/css/colors/icongmail.svg 304 - - 1.896 ms
GET /api/topcv1s/cv/cv365/upload/cv/cv-ke-toan-02/css/colors/iconaddress.svg 304 - - 0.794 ms
POST /api/topcv1s/cv/in4CV 200 - - 242.347 ms
GET /api/topcv1s/cv/cv365/upload/cv/cv-ke-toan-02/index.html 304 - - 0.646 ms
POST /api/topcv1s/cv/ListSampleCV 200 - - 1974.970 ms
GET /api/topcv1s/cv/cv365/upload/cv/cv-ke-toan-02/css/cv.css 304 - - 1.766 ms
GET /api/topcv1s/cv/cv365/upload/cv/cv-ke-toan-02/css/colors/c2dedc.css 304 - - 1.517 ms
GET /pictures/sample_cv/1748602016_ccede6.png 304 - - 1.167 ms
GET /pictures/sample_cv/1748601652_38a88b.png 304 - - 2.447 ms
GET /pictures/sample_cv/1748600741_1572a1.jpg 304 - - 1.755 ms
GET /pictures/sample_cv/1748591062_ab6f6f.png 304 - - 1.111 ms
GET /pictures/sample_cv/1748588717_d66868.png 304 - - 3.875 ms
GET /pictures/sample_cv/1748586080_557b9c.png 304 - - 1.333 ms
GET /pictures/sample_cv/1748538459_c2dedc.png 304 - - 1.161 ms
GET /pictures/sample_cv/1748585511_dceaeb.jpg 304 - - 1.062 ms
GET /pictures/sample_cv/1748536052_014a92.png 304 - - 4.374 ms
GET /pictures/sample_cv/1748533077_fbbb47.png 304 - - 4.391 ms
GET /pictures/sample_cv/1748532766_a7d16b.png 304 - - 0.746 ms
GET /pictures/sample_cv/1748529512_2634b1.png 304 - - 1.488 ms
GET /pictures/sample_cv/1748529145_dcbfff.png 304 - - 1.589 ms
GET /pictures/sample_cv/1748516153_28a6c8.png 304 - - 0.980 ms
GET /pictures/sample_cv/1748515775_d6d3eb.jpg 304 - - 1.135 ms
GET /pictures/sample_cv/1748509891_ebebeb.jpg 304 - - 0.985 ms
GET /pictures/sample_cv/1748508760_ffcc00.jpg 304 - - 2.321 ms
GET /pictures/sample_cv/1748447190_e49b52.jpg 304 - - 1.098 ms
GET /pictures/sample_cv/1748441608_9d4f4f.jpg 304 - - 0.990 ms
GET /pictures/sample_cv/1748439915_d0ba8f.jpg 304 - - 1.169 ms
GET /pictures/sample_cv/1748439389_d9f0ff.jpg 304 - - 0.893 ms
GET /pictures/sample_cv/1748438976_a93d34.jpg 304 - - 0.671 ms
GET /pictures/sample_cv/1748164300_c65327.jpg 304 - - 0.968 ms
GET /pictures/sample_cv/1748162940_fbf7cb.jpg 304 - - 1.359 ms
GET /pictures/sample_cv/1748162366_f68e1e.jpg 304 - - 1.270 ms
GET /pictures/sample_cv/1748162588_cde3ef.jpg 304 - - 1.987 ms
GET /pictures/sample_cv/1748156431_ea786f.jpg 304 - - 2.161 ms
GET /pictures/sample_cv/1748159067_231f20.jpg 304 - - 1.738 ms
GET /pictures/sample_cv/1748155483_d7c9bf.jpg 304 - - 0.906 ms
GET /pictures/sample_cv/1748154348_253b85.png 304 - - 2.388 ms
GET /pictures/sample_cv/1748152851_3b3987.jpg 304 - - 1.360 ms
GET /pictures/sample_cv/1748104481_48cec7.png 304 - - 0.968 ms
GET /pictures/sample_cv/1748102039_4b977f.png 304 - - 1.980 ms
GET /pictures/sample_cv/1748100851_8d8d8d.jpg 304 - - 1.024 ms
GET /pictures/sample_cv/1748100331_feefae.jpg 304 - - 0.871 ms
GET /pictures/sample_cv/1748100048_3c509a.png 304 - - 0.760 ms
GET /pictures/sample_cv/1748099762_a1edbd.png 304 - - 1.056 ms
GET /pictures/sample_cv/1747991555_7adcd7.png 304 - - 1.068 ms
GET /pictures/sample_cv/1747986421_566c40.png 304 - - 1.640 ms
GET /pictures/sample_cv/1747987510_afc8ad.jpg 304 - - 1.567 ms
GET /pictures/sample_cv/1747985998_ff9800.png 304 - - 2.220 ms
GET /pictures/sample_cv/1747985503_e6e7e8.jpg 304 - - 1.020 ms
GET /pictures/sample_cv/1747980232_ffce1c.jpg 304 - - 0.912 ms
GET /pictures/sample_cv/1747926134_b0cad8.jpg 304 - - 1.281 ms
GET /pictures/sample_cv/1747979735_ceded8.jpg 304 - - 2.188 ms
GET /pictures/sample_cv/1747925411_e2c6c2.jpg 304 - - 1.050 ms
GET /pictures/sample_cv/1746757273_e8f1e2.jpg 304 - - 0.870 ms
